<?xml version="1.0" encoding="UTF-8"?>
<!-- Generated by org.testng.reporters.JUnitReportReporter -->
<testsuite hostname="LUMINARCLT" failures="0" tests="9" name="com.Nopcommerce.test.Carttest" time="189.325" errors="1" timestamp="2025-08-22T16:09:48 IST" skipped="0">
  <testcase classname="com.Nopcommerce.test.Carttest" name="addToCartButton" time="7.174"/>
  <testcase classname="com.Nopcommerce.test.Carttest" name="addToCartButtonwoSignin" time="8.680"/>
  <testcase classname="com.Nopcommerce.test.Carttest" name="addToCartButtonwithSignin" time="11.269"/>
  <testcase classname="com.Nopcommerce.test.Carttest" name="addToCartButtonwithSigninpdt" time="9.695"/>
  <testcase classname="com.Nopcommerce.test.Carttest" name="addToCartButtonwithSigninforAll" time="63.778"/>
  <testcase classname="com.Nopcommerce.test.Carttest" name="quantityAddProduct" time="8.356"/>
  <testcase classname="com.Nopcommerce.test.Carttest" name="quantityMinusProduct" time="8.387"/>
  <testcase classname="com.Nopcommerce.test.Carttest" name="validateCartTotal" time="64.392">
    <error message="empty String" type="java.lang.NumberFormatException">
      <![CDATA[java.lang.NumberFormatException: empty String
at java.base/jdk.internal.math.FloatingDecimal.readJavaFormatString(FloatingDecimal.java:1842)
at java.base/jdk.internal.math.FloatingDecimal.parseDouble(FloatingDecimal.java:110)
at java.base/java.lang.Double.parseDouble(Double.java:792)
at com.Nopcommerce.pages.Cartpage.getDisplayedSubtotal(Cartpage.java:112)
at com.Nopcommerce.test.Carttest.validateCartTotal(Carttest.java:216)
at java.base/jdk.internal.reflect.DirectMethodHandleAccessor.invoke(DirectMethodHandleAccessor.java:103)
at java.base/java.lang.reflect.Method.invoke(Method.java:580)
at org.testng.internal.invokers.MethodInvocationHelper.invokeMethod(MethodInvocationHelper.java:141)
at org.testng.internal.invokers.TestInvoker.invokeMethod(TestInvoker.java:687)
at org.testng.internal.invokers.TestInvoker.invokeTestMethod(TestInvoker.java:230)
at org.testng.internal.invokers.MethodRunner.runInSequence(MethodRunner.java:63)
at org.testng.internal.invokers.TestInvoker$MethodInvocationAgent.invoke(TestInvoker.java:995)
at org.testng.internal.invokers.TestInvoker.invokeTestMethods(TestInvoker.java:203)
at org.testng.internal.invokers.TestMethodWorker.invokeTestMethods(TestMethodWorker.java:154)
at org.testng.internal.invokers.TestMethodWorker.run(TestMethodWorker.java:134)
at java.base/java.util.ArrayList.forEach(ArrayList.java:1596)
at org.testng.TestRunner.privateRun(TestRunner.java:741)
at org.testng.TestRunner.run(TestRunner.java:616)
at org.testng.SuiteRunner.runTest(SuiteRunner.java:421)
at org.testng.SuiteRunner.runSequentially(SuiteRunner.java:413)
at org.testng.SuiteRunner.privateRun(SuiteRunner.java:373)
at org.testng.SuiteRunner.run(SuiteRunner.java:312)
at org.testng.SuiteRunnerWorker.runSuite(SuiteRunnerWorker.java:52)
at org.testng.SuiteRunnerWorker.run(SuiteRunnerWorker.java:95)
at org.testng.TestNG.runSuitesSequentially(TestNG.java:1274)
at org.testng.TestNG.runSuitesLocally(TestNG.java:1208)
at org.testng.TestNG.runSuites(TestNG.java:1112)
at org.testng.TestNG.run(TestNG.java:1079)
at org.testng.remote.AbstractRemoteTestNG.run(AbstractRemoteTestNG.java:115)
at org.testng.remote.RemoteTestNG.initAndRun(RemoteTestNG.java:293)
at org.testng.remote.RemoteTestNG.main(RemoteTestNG.java:91)
]]>
    </error>
  </testcase> <!-- validateCartTotal -->
  <testcase classname="com.Nopcommerce.test.Carttest" name="removeitems" time="7.594"/>
</testsuite> <!-- com.Nopcommerce.test.Carttest -->
